<?xml version="1.0" encoding="UTF-8"?>
<!-- Generated by org.testng.reporters.JUnitReportReporter -->
<testsuite skipped="0" hostname="DESKTOP-84BCDDP" name="com.way2automation.twitter.testcases.LoginTest" tests="1" failures="0" timestamp="18 Sep 2017 09:06:25 GMT" time="33.615" errors="0">
  <testcase name="sampleTest" time="33.615" classname="com.way2automation.twitter.testcases.LoginTest"/>
</testsuite> <!-- com.way2automation.twitter.testcases.LoginTest -->
