<?xml version="1.0" encoding="UTF-8"?>
<!-- Generated by org.testng.reporters.JUnitReportReporter -->
<testsuite skipped="0" hostname="DESKTOP-84BCDDP" name="com.way2automation.twitter.testcases.LoginTest" tests="1" failures="0" timestamp="18 Sep 2017 07:30:45 GMT" time="32.304" errors="0">
  <testcase name="sampleTest" time="32.304" classname="com.way2automation.twitter.testcases.LoginTest"/>
</testsuite> <!-- com.way2automation.twitter.testcases.LoginTest -->
